mode: count
visualcron/parse.go:65.49,68.20 2 10
visualcron/parse.go:73.2,74.16 2 8
visualcron/parse.go:79.2,80.16 2 7
visualcron/parse.go:85.2,86.16 2 6
visualcron/parse.go:91.2,93.16 3 5
visualcron/parse.go:98.2,99.16 2 4
visualcron/parse.go:103.2,111.8 1 3
visualcron/parse.go:68.20,70.3 1 2
visualcron/parse.go:74.16,76.3 1 1
visualcron/parse.go:80.16,82.3 1 1
visualcron/parse.go:86.16,88.3 1 1
visualcron/parse.go:93.16,95.3 1 1
visualcron/parse.go:99.16,101.3 1 1
visualcron/parse.go:118.71,122.16 2 75
visualcron/parse.go:127.2,127.17 1 70
visualcron/parse.go:134.2,139.47 4 63
visualcron/parse.go:184.2,187.20 3 43
visualcron/parse.go:122.16,124.3 1 5
visualcron/parse.go:127.17,131.3 3 7
visualcron/parse.go:139.47,140.16 1 83
visualcron/parse.go:145.3,146.12 2 78
visualcron/parse.go:159.3,160.12 2 34
visualcron/parse.go:171.3,172.12 2 17
visualcron/parse.go:140.16,141.12 1 5
visualcron/parse.go:146.12,149.82 2 44
visualcron/parse.go:155.4,155.12 1 34
visualcron/parse.go:149.82,151.5 1 34
visualcron/parse.go:151.10,153.5 1 10
visualcron/parse.go:160.12,161.60 1 17
visualcron/parse.go:167.4,167.12 1 12
visualcron/parse.go:161.60,163.5 1 5
visualcron/parse.go:163.10,165.5 1 12
visualcron/parse.go:172.12,173.61 1 17
visualcron/parse.go:179.4,179.12 1 12
visualcron/parse.go:173.61,175.5 1 5
visualcron/parse.go:175.10,177.5 1 12
visualcron/parse.go:194.73,201.19 2 23
visualcron/parse.go:206.2,207.26 2 22
visualcron/parse.go:211.2,211.23 1 21
visualcron/parse.go:230.2,230.46 1 15
visualcron/parse.go:235.2,235.47 1 14
visualcron/parse.go:239.2,239.20 1 14
visualcron/parse.go:201.19,203.3 1 1
visualcron/parse.go:207.26,209.3 1 1
visualcron/parse.go:211.23,216.3 2 4
visualcron/parse.go:216.8,224.17 5 17
visualcron/parse.go:224.17,226.4 1 6
visualcron/parse.go:230.46,232.3 1 1
visualcron/parse.go:235.47,237.3 1 47
visualcron/parse.go:246.86,250.20 2 38
visualcron/parse.go:255.2,258.94 2 37
visualcron/parse.go:263.2,264.24 2 24
visualcron/parse.go:268.2,268.20 1 24
visualcron/parse.go:250.20,252.3 1 1
visualcron/parse.go:258.94,260.3 1 13
visualcron/parse.go:264.24,266.3 1 169
visualcron/cron.go:34.35,39.2 2 22
visualcron/cron.go:44.31,55.2 8 1
visualcron/cron.go:60.28,71.36 6 3
visualcron/cron.go:84.2,86.24 2 3
visualcron/cron.go:71.36,76.30 2 21
visualcron/cron.go:80.3,80.58 1 18
visualcron/cron.go:76.30,77.12 1 3
visualcron/helper.go:12.43,16.27 3 44
visualcron/helper.go:22.2,22.13 1 44
visualcron/helper.go:16.27,17.38 1 140
visualcron/helper.go:17.38,20.4 2 138
visualcron/helper.go:27.37,40.2 6 4
visualcron/main.go:10.13,16.27 3 0
visualcron/main.go:22.2,23.16 2 0
visualcron/main.go:29.2,29.19 1 0
visualcron/main.go:16.27,19.3 2 0
visualcron/main.go:23.16,26.3 2 0
visualcron/main.go:35.20,38.2 1 4
visualcron/main.go:46.41,48.2 1 2
